demo_backup/demo/build/outputs/logs/manifest-merger-debug-report.txt
-- Merging decision tree log ---
manifest
ADDED from src/main/AndroidManifest.xml:22:1-40:12
	package
		ADDED from src/main/AndroidManifest.xml:23:11-46
		INJECTED from src/main/AndroidManifest.xml
		INJECTED from src/main/AndroidManifest.xml
	android:versionName
		ADDED from src/main/AndroidManifest.xml:25:11-36
		INJECTED from src/main/AndroidManifest.xml
		INJECTED from src/main/AndroidManifest.xml
	android:versionCode
		ADDED from src/main/AndroidManifest.xml:24:11-34
		INJECTED from src/main/AndroidManifest.xml
		INJECTED from src/main/AndroidManifest.xml
	xmlns:android
		ADDED from src/main/AndroidManifest.xml:22:11-69
uses-sdk
ADDED from src/main/AndroidManifest.xml:28:5-74
MERGED from [demo:library:unspecified] AndroidManifest.xml:33:5-35:41
	android:targetSdkVersion
		ADDED from src/main/AndroidManifest.xml:28:43-72
		INJECTED from src/main/AndroidManifest.xml
		INJECTED from src/main/AndroidManifest.xml
	android:minSdkVersion
		ADDED from src/main/AndroidManifest.xml:28:16-42
		INJECTED from src/main/AndroidManifest.xml
		INJECTED from src/main/AndroidManifest.xml
application
ADDED from src/main/AndroidManifest.xml:29:5-39:19
MERGED from [demo:library:unspecified] AndroidManifest.xml:37:5-43:19
	android:label
		ADDED from src/main/AndroidManifest.xml:29:18-50
	android:allowBackup
		ADDED from src/main/AndroidManifest.xml:29:51-77
	android:icon
		ADDED from src/main/AndroidManifest.xml:30:13-54
activity#net.nologin.meep.tbv.demo.TBVDemoActivity
ADDED from src/main/AndroidManifest.xml:31:9-38:20
	android:label
		ADDED from src/main/AndroidManifest.xml:33:17-49
	android:name
		ADDED from src/main/AndroidManifest.xml:32:17-48
intent-filter#android.intent.action.MAIN+android.intent.category.LAUNCHER
ADDED from src/main/AndroidManifest.xml:34:13-37:29
action#android.intent.action.MAIN
ADDED from src/main/AndroidManifest.xml:35:17-68
	android:name
		ADDED from src/main/AndroidManifest.xml:35:25-66
category#android.intent.category.LAUNCHER
ADDED from src/main/AndroidManifest.xml:36:17-76
	android:name
		ADDED from src/main/AndroidManifest.xml:36:27-74